c:\users\russh\git\puc-lua-vs2017\visual studio\lua-library\obj\x64\release\vc141.pdb
c:\users\russh\git\puc-lua-vs2017\visual studio\lua-library\obj\x64\release\lobject.obj
c:\users\russh\git\puc-lua-vs2017\visual studio\lua-library\obj\x64\release\loadlib.obj
c:\users\russh\git\puc-lua-vs2017\visual studio\lua-library\obj\x64\release\lmem.obj
c:\users\russh\git\puc-lua-vs2017\visual studio\lua-library\obj\x64\release\lmathlib.obj
c:\users\russh\git\puc-lua-vs2017\visual studio\lua-library\obj\x64\release\llex.obj
c:\users\russh\git\puc-lua-vs2017\visual studio\lua-library\obj\x64\release\liolib.obj
c:\users\russh\git\puc-lua-vs2017\visual studio\lua-library\obj\x64\release\linit.obj
c:\users\russh\git\puc-lua-vs2017\visual studio\lua-library\obj\x64\release\lgc.obj
c:\users\russh\git\puc-lua-vs2017\visual studio\lua-library\obj\x64\release\lfunc.obj
c:\users\russh\git\puc-lua-vs2017\visual studio\lua-library\obj\x64\release\ldump.obj
c:\users\russh\git\puc-lua-vs2017\visual studio\lua-library\obj\x64\release\ldo.obj
c:\users\russh\git\puc-lua-vs2017\visual studio\lua-library\obj\x64\release\ldebug.obj
c:\users\russh\git\puc-lua-vs2017\visual studio\lua-library\obj\x64\release\ldblib.obj
c:\users\russh\git\puc-lua-vs2017\visual studio\lua-library\obj\x64\release\lctype.obj
c:\users\russh\git\puc-lua-vs2017\visual studio\lua-library\obj\x64\release\lcorolib.obj
c:\users\russh\git\puc-lua-vs2017\visual studio\lua-library\obj\x64\release\lcode.obj
c:\users\russh\git\puc-lua-vs2017\visual studio\lua-library\obj\x64\release\lbitlib.obj
c:\users\russh\git\puc-lua-vs2017\visual studio\lua-library\obj\x64\release\lbaselib.obj
c:\users\russh\git\puc-lua-vs2017\visual studio\lua-library\obj\x64\release\lauxlib.obj
c:\users\russh\git\puc-lua-vs2017\visual studio\lua-library\obj\x64\release\lapi.obj
c:\users\russh\git\puc-lua-vs2017\visual studio\lua-library\obj\x64\release\lzio.obj
c:\users\russh\git\puc-lua-vs2017\visual studio\lua-library\obj\x64\release\lvm.obj
c:\users\russh\git\puc-lua-vs2017\visual studio\lua-library\obj\x64\release\lutf8lib.obj
c:\users\russh\git\puc-lua-vs2017\visual studio\lua-library\obj\x64\release\lundump.obj
c:\users\russh\git\puc-lua-vs2017\visual studio\lua-library\obj\x64\release\ltm.obj
c:\users\russh\git\puc-lua-vs2017\visual studio\lua-library\obj\x64\release\ltablib.obj
c:\users\russh\git\puc-lua-vs2017\visual studio\lua-library\obj\x64\release\ltable.obj
c:\users\russh\git\puc-lua-vs2017\visual studio\lua-library\obj\x64\release\lstrlib.obj
c:\users\russh\git\puc-lua-vs2017\visual studio\lua-library\obj\x64\release\lstring.obj
c:\users\russh\git\puc-lua-vs2017\visual studio\lua-library\obj\x64\release\lstate.obj
c:\users\russh\git\puc-lua-vs2017\visual studio\lua-library\obj\x64\release\lparser.obj
c:\users\russh\git\puc-lua-vs2017\visual studio\lua-library\obj\x64\release\loslib.obj
c:\users\russh\git\puc-lua-vs2017\visual studio\lua-library\obj\x64\release\lopcodes.obj
c:\users\russh\git\puc-lua-vs2017\visual studio\lua-library\bin\x64\release\lua53.dll
c:\users\russh\git\puc-lua-vs2017\visual studio\lua-library\bin\x64\release\lua53.pdb
c:\users\russh\git\puc-lua-vs2017\visual studio\lua-library\bin\x64\release\lua53.lib
c:\users\russh\git\puc-lua-vs2017\visual studio\lua-library\bin\x64\release\lua53.exp
c:\users\russh\git\puc-lua-vs2017\visual studio\lua-library\bin\x64\release\lua53.ipdb
c:\users\russh\git\puc-lua-vs2017\visual studio\lua-library\bin\x64\release\lua53.iobj
c:\users\russh\git\puc-lua-vs2017\visual studio\lua-library\obj\x64\release\lua-library.tlog\cl.command.1.tlog
c:\users\russh\git\puc-lua-vs2017\visual studio\lua-library\obj\x64\release\lua-library.tlog\cl.read.1.tlog
c:\users\russh\git\puc-lua-vs2017\visual studio\lua-library\obj\x64\release\lua-library.tlog\cl.write.1.tlog
c:\users\russh\git\puc-lua-vs2017\visual studio\lua-library\obj\x64\release\lua-library.tlog\link.command.1.tlog
c:\users\russh\git\puc-lua-vs2017\visual studio\lua-library\obj\x64\release\lua-library.tlog\link.read.1.tlog
c:\users\russh\git\puc-lua-vs2017\visual studio\lua-library\obj\x64\release\lua-library.tlog\link.write.1.tlog
c:\users\russh\git\puc-lua-vs2017\visual studio\lua-library\obj\x64\release\lua-library.tlog\lua-library.write.1u.tlog
