c:\users\russh\git\puc-lua-vs2017\visual studio\lua-library\obj\win32\debug\vc141.pdb
c:\users\russh\git\puc-lua-vs2017\visual studio\lua-library\obj\win32\debug\vc141.idb
c:\users\russh\git\puc-lua-vs2017\visual studio\lua-library\obj\win32\debug\linit.obj
c:\users\russh\git\puc-lua-vs2017\visual studio\lua-library\obj\win32\debug\liolib.obj
c:\users\russh\git\puc-lua-vs2017\visual studio\lua-library\obj\win32\debug\llex.obj
c:\users\russh\git\puc-lua-vs2017\visual studio\lua-library\obj\win32\debug\lmathlib.obj
c:\users\russh\git\puc-lua-vs2017\visual studio\lua-library\obj\win32\debug\lmem.obj
c:\users\russh\git\puc-lua-vs2017\visual studio\lua-library\obj\win32\debug\loadlib.obj
c:\users\russh\git\puc-lua-vs2017\visual studio\lua-library\obj\win32\debug\lobject.obj
c:\users\russh\git\puc-lua-vs2017\visual studio\lua-library\obj\win32\debug\lopcodes.obj
c:\users\russh\git\puc-lua-vs2017\visual studio\lua-library\obj\win32\debug\loslib.obj
c:\users\russh\git\puc-lua-vs2017\visual studio\lua-library\obj\win32\debug\lparser.obj
c:\users\russh\git\puc-lua-vs2017\visual studio\lua-library\obj\win32\debug\lstate.obj
c:\users\russh\git\puc-lua-vs2017\visual studio\lua-library\obj\win32\debug\lstring.obj
c:\users\russh\git\puc-lua-vs2017\visual studio\lua-library\obj\win32\debug\lstrlib.obj
c:\users\russh\git\puc-lua-vs2017\visual studio\lua-library\obj\win32\debug\ltable.obj
c:\users\russh\git\puc-lua-vs2017\visual studio\lua-library\obj\win32\debug\ltablib.obj
c:\users\russh\git\puc-lua-vs2017\visual studio\lua-library\obj\win32\debug\ltm.obj
c:\users\russh\git\puc-lua-vs2017\visual studio\lua-library\obj\win32\debug\lundump.obj
c:\users\russh\git\puc-lua-vs2017\visual studio\lua-library\obj\win32\debug\lutf8lib.obj
c:\users\russh\git\puc-lua-vs2017\visual studio\lua-library\obj\win32\debug\lvm.obj
c:\users\russh\git\puc-lua-vs2017\visual studio\lua-library\obj\win32\debug\lzio.obj
c:\users\russh\git\puc-lua-vs2017\visual studio\lua-library\obj\win32\debug\lapi.obj
c:\users\russh\git\puc-lua-vs2017\visual studio\lua-library\obj\win32\debug\lauxlib.obj
c:\users\russh\git\puc-lua-vs2017\visual studio\lua-library\obj\win32\debug\lbaselib.obj
c:\users\russh\git\puc-lua-vs2017\visual studio\lua-library\obj\win32\debug\lbitlib.obj
c:\users\russh\git\puc-lua-vs2017\visual studio\lua-library\obj\win32\debug\lcode.obj
c:\users\russh\git\puc-lua-vs2017\visual studio\lua-library\obj\win32\debug\lcorolib.obj
c:\users\russh\git\puc-lua-vs2017\visual studio\lua-library\obj\win32\debug\lctype.obj
c:\users\russh\git\puc-lua-vs2017\visual studio\lua-library\obj\win32\debug\ldblib.obj
c:\users\russh\git\puc-lua-vs2017\visual studio\lua-library\obj\win32\debug\ldebug.obj
c:\users\russh\git\puc-lua-vs2017\visual studio\lua-library\obj\win32\debug\ldo.obj
c:\users\russh\git\puc-lua-vs2017\visual studio\lua-library\obj\win32\debug\ldump.obj
c:\users\russh\git\puc-lua-vs2017\visual studio\lua-library\obj\win32\debug\lfunc.obj
c:\users\russh\git\puc-lua-vs2017\visual studio\lua-library\obj\win32\debug\lgc.obj
c:\users\russh\git\puc-lua-vs2017\visual studio\lua-library\bin\win32\debug\lua53.ilk
c:\users\russh\git\puc-lua-vs2017\visual studio\lua-library\bin\win32\debug\lua53.dll
c:\users\russh\git\puc-lua-vs2017\visual studio\lua-library\bin\win32\debug\lua53.pdb
c:\users\russh\git\puc-lua-vs2017\visual studio\lua-library\bin\win32\debug\lua53.lib
c:\users\russh\git\puc-lua-vs2017\visual studio\lua-library\bin\win32\debug\lua53.exp
c:\users\russh\git\puc-lua-vs2017\visual studio\lua-library\obj\win32\debug\lua-library.tlog\cl.command.1.tlog
c:\users\russh\git\puc-lua-vs2017\visual studio\lua-library\obj\win32\debug\lua-library.tlog\cl.read.1.tlog
c:\users\russh\git\puc-lua-vs2017\visual studio\lua-library\obj\win32\debug\lua-library.tlog\cl.write.1.tlog
c:\users\russh\git\puc-lua-vs2017\visual studio\lua-library\obj\win32\debug\lua-library.tlog\link.command.1.tlog
c:\users\russh\git\puc-lua-vs2017\visual studio\lua-library\obj\win32\debug\lua-library.tlog\link.read.1.tlog
c:\users\russh\git\puc-lua-vs2017\visual studio\lua-library\obj\win32\debug\lua-library.tlog\link.write.1.tlog
c:\users\russh\git\puc-lua-vs2017\visual studio\lua-library\obj\win32\debug\lua-library.tlog\lua-library.write.1u.tlog
